Using pre-set license
Built from '2021.3/staging' branch; Version is '2021.3.9f1 (ad3870b89536) revision 11352176'; Using compiler version '192829333'; Build Type 'Release'
OS: 'Windows 10  (10.0.19044) 64bit Professional' Language: 'es' Physical Memory: 16300 MB
BatchMode: 1, IsHumanControllingUs: 0, StartBugReporterOnCrash: 0, Is64bit: 1, IsPro: 1

COMMAND LINE ARGUMENTS:
C:\Program Files\Unity\Hub\Editor\2021.3.9f1\Editor\Unity.exe
-adb2
-batchMode
-noUpm
-name
AssetImportWorker0
-projectPath
C:/Users/Tarda/Documents/GitHub/FearsumPrueba/FearsumPrueba34
-logFile
Logs/AssetImportWorker0.log
-srvPort
49493
Successfully changed project path to: C:/Users/Tarda/Documents/GitHub/FearsumPrueba/FearsumPrueba34
C:/Users/Tarda/Documents/GitHub/FearsumPrueba/FearsumPrueba34
[UnityMemory] Configuration Parameters - Can be set up in boot.config
    "memorysetup-bucket-allocator-granularity=16"
    "memorysetup-bucket-allocator-bucket-count=8"
    "memorysetup-bucket-allocator-block-size=33554432"
    "memorysetup-bucket-allocator-block-count=8"
    "memorysetup-main-allocator-block-size=16777216"
    "memorysetup-thread-allocator-block-size=16777216"
    "memorysetup-gfx-main-allocator-block-size=16777216"
    "memorysetup-gfx-thread-allocator-block-size=16777216"
    "memorysetup-cache-allocator-block-size=4194304"
    "memorysetup-typetree-allocator-block-size=2097152"
    "memorysetup-profiler-bucket-allocator-granularity=16"
    "memorysetup-profiler-bucket-allocator-bucket-count=8"
    "memorysetup-profiler-bucket-allocator-block-size=33554432"
    "memorysetup-profiler-bucket-allocator-block-count=8"
    "memorysetup-profiler-allocator-block-size=16777216"
    "memorysetup-profiler-editor-allocator-block-size=1048576"
    "memorysetup-temp-allocator-size-main=16777216"
    "memorysetup-job-temp-allocator-block-size=2097152"
    "memorysetup-job-temp-allocator-block-size-background=1048576"
    "memorysetup-job-temp-allocator-reduction-small-platforms=262144"
    "memorysetup-temp-allocator-size-background-worker=32768"
    "memorysetup-temp-allocator-size-job-worker=262144"
    "memorysetup-temp-allocator-size-preload-manager=33554432"
    "memorysetup-temp-allocator-size-nav-mesh-worker=65536"
    "memorysetup-temp-allocator-size-audio-worker=65536"
    "memorysetup-temp-allocator-size-cloud-worker=32768"
    "memorysetup-temp-allocator-size-gi-baking-worker=262144"
    "memorysetup-temp-allocator-size-gfx=262144"
Refreshing native plugins compatible for Editor in 161.82 ms, found 3 plugins.
Preloading 0 native plugins for Editor in 0.00 ms.
Initialize engine version: 2021.3.9f1 (ad3870b89536)
[Subsystems] Discovering subsystems at path C:/Program Files/Unity/Hub/Editor/2021.3.9f1/Editor/Data/Resources/UnitySubsystems
[Subsystems] Discovering subsystems at path C:/Users/Tarda/Documents/GitHub/FearsumPrueba/FearsumPrueba34/Assets
GfxDevice: creating device client; threaded=0; jobified=0
Direct3D:
    Version:  Direct3D 11.0 [level 11.1]
    Renderer: NVIDIA GeForce GTX 1660 Ti (ID=0x2182)
    Vendor:   NVIDIA
    VRAM:     5991 MB
    Driver:   31.0.15.1694
Initialize mono
Mono path[0] = 'C:/Program Files/Unity/Hub/Editor/2021.3.9f1/Editor/Data/Managed'
Mono path[1] = 'C:/Program Files/Unity/Hub/Editor/2021.3.9f1/Editor/Data/MonoBleedingEdge/lib/mono/unityjit-win32'
Mono config path = 'C:/Program Files/Unity/Hub/Editor/2021.3.9f1/Editor/Data/MonoBleedingEdge/etc'
Using monoOptions --debugger-agent=transport=dt_socket,embedding=1,server=y,suspend=n,address=127.0.0.1:56056
Begin MonoManager ReloadAssembly
Registering precompiled unity dll's ...
Register platform support module: C:/Program Files/Unity/Hub/Editor/2021.3.9f1/Editor/Data/PlaybackEngines/WindowsStandaloneSupport/UnityEditor.WindowsStandalone.Extensions.dll
Registered in 0.012035 seconds.
Native extension for WindowsStandalone target not found
Refreshing native plugins compatible for Editor in 83.30 ms, found 3 plugins.
Preloading 0 native plugins for Editor in 0.00 ms.
Mono: successfully reloaded assembly
- Completed reload, in  0.817 seconds
Domain Reload Profiling:
	ReloadAssembly (818ms)
		BeginReloadAssembly (191ms)
			ExecutionOrderSort (0ms)
			DisableScriptedObjects (0ms)
			BackupInstance (0ms)
			ReleaseScriptingObjects (0ms)
			CreateAndSetChildDomain (1ms)
		EndReloadAssembly (504ms)
			LoadAssemblies (189ms)
			RebuildTransferFunctionScriptingTraits (0ms)
			SetupTypeCache (114ms)
			ReleaseScriptCaches (0ms)
			RebuildScriptCaches (32ms)
			SetupLoadedEditorAssemblies (303ms)
				LogAssemblyErrors (0ms)
				InitializePlatformSupportModulesInManaged (9ms)
				SetLoadedEditorAssemblies (0ms)
				RefreshPlugins (83ms)
				BeforeProcessingInitializeOnLoad (2ms)
				ProcessInitializeOnLoadAttributes (154ms)
				ProcessInitializeOnLoadMethodAttributes (55ms)
				AfterProcessingInitializeOnLoad (0ms)
				EditorAssembliesLoaded (0ms)
			ExecutionOrderSort2 (0ms)
			AwakeInstancesAfterBackupRestoration (0ms)
Platform modules already initialized, skipping
Registering precompiled user dll's ...
Registered in 0.006633 seconds.
Begin MonoManager ReloadAssembly
Symbol file LoadedFromMemory doesn't match image C:\Users\Tarda\Documents\GitHub\FearsumPrueba\FearsumPrueba34\Library\PackageCache\com.unity.visualscripting@1.7.8\Editor\VisualScripting.Core\Dependencies\YamlDotNet\Unity.VisualScripting.YamlDotNet.dll
Symbol file LoadedFromMemory doesn't match image C:\Users\Tarda\Documents\GitHub\FearsumPrueba\FearsumPrueba34\Library\PackageCache\com.unity.visualscripting@1.7.8\Editor\VisualScripting.Core\Dependencies\DotNetZip\Unity.VisualScripting.IonicZip.dll
Native extension for WindowsStandalone target not found
Refreshing native plugins compatible for Editor in 0.57 ms, found 3 plugins.
Preloading 0 native plugins for Editor in 0.00 ms.
Mono: successfully reloaded assembly
- Completed reload, in  1.235 seconds
Domain Reload Profiling:
	ReloadAssembly (1236ms)
		BeginReloadAssembly (120ms)
			ExecutionOrderSort (0ms)
			DisableScriptedObjects (7ms)
			BackupInstance (0ms)
			ReleaseScriptingObjects (0ms)
			CreateAndSetChildDomain (21ms)
		EndReloadAssembly (991ms)
			LoadAssemblies (126ms)
			RebuildTransferFunctionScriptingTraits (0ms)
			SetupTypeCache (291ms)
			ReleaseScriptCaches (1ms)
			RebuildScriptCaches (69ms)
			SetupLoadedEditorAssemblies (461ms)
				LogAssemblyErrors (0ms)
				InitializePlatformSupportModulesInManaged (6ms)
				SetLoadedEditorAssemblies (1ms)
				RefreshPlugins (1ms)
				BeforeProcessingInitializeOnLoad (118ms)
				ProcessInitializeOnLoadAttributes (289ms)
				ProcessInitializeOnLoadMethodAttributes (38ms)
				AfterProcessingInitializeOnLoad (8ms)
				EditorAssembliesLoaded (0ms)
			ExecutionOrderSort2 (0ms)
			AwakeInstancesAfterBackupRestoration (7ms)
Platform modules already initialized, skipping
========================================================================
Worker process is ready to serve import requests
Launched and connected shader compiler UnityShaderCompiler.exe after 0.06 seconds
Refreshing native plugins compatible for Editor in 0.62 ms, found 3 plugins.
Preloading 0 native plugins for Editor in 0.00 ms.
Unloading 3597 Unused Serialized files (Serialized files now loaded: 0)
Unloading 27 unused Assets / (111.4 KB). Loaded Objects now: 4055.
Memory consumption went from 125.8 MB to 125.7 MB.
Total: 3.181300 ms (FindLiveObjects: 0.287300 ms CreateObjectMapping: 0.234900 ms MarkObjects: 2.546200 ms  DeleteObjects: 0.112000 ms)

AssetImportParameters requested are different than current active one (requested -> active):
  custom:video-decoder-ogg-theora: a1e56fd34408186e4bbccfd4996cb3dc -> 
  custom:container-muxer-webm: aa71ff27fc2769a1b78a27578f13a17b -> 
  custom:container-demuxer-webm: 4f35f7cbe854078d1ac9338744f61a02 -> 
  custom:video-encoder-webm-vp8: eb34c28f22e8b96e1ab97ce403110664 -> 
  custom:audio-encoder-webm-vorbis: bf7c407c2cedff20999df2af8eb42d56 -> 
  custom:framework-win-MediaFoundation: 216162199b28c13a410421893ffa2e32 -> 
  custom:container-demuxer-ogg: 62fdf1f143b41e24485cea50d1cbac27 -> 
  custom:video-decoder-webm-vp8: 9c59270c3fd7afecdb556c50c9e8de78 -> 
  custom:audio-decoder-ogg-vorbis: bf7c407c2cedff20999df2af8eb42d56 -> 
========================================================================
Received Import Request.
  Time since last request: 11602.014167 seconds.
  path: Assets/AutoHand/Resources/SlightFriction.physicMaterial
  artifactKey: Guid(64db407b115832a419675304a1d3d72a) Importer(815301076,1909f56bfc062723c751e8b465ee728b)
Start importing Assets/AutoHand/Resources/SlightFriction.physicMaterial using Guid(64db407b115832a419675304a1d3d72a) Importer(815301076,1909f56bfc062723c751e8b465ee728b)  -> (artifact id: 'a28da514fae0c97fd8b5f2c42e48f90b') in 0.042659 seconds 
========================================================================
Received Import Request.
  Time since last request: 0.000023 seconds.
  path: Assets/AutoHand/Resources/NoFriction.physicMaterial
  artifactKey: Guid(479698c6385d9244885db6a634635b6d) Importer(815301076,1909f56bfc062723c751e8b465ee728b)
Start importing Assets/AutoHand/Resources/NoFriction.physicMaterial using Guid(479698c6385d9244885db6a634635b6d) Importer(815301076,1909f56bfc062723c751e8b465ee728b)  -> (artifact id: '706094fea89e7d1c47531c636b626ece') in 0.007208 seconds 
========================================================================
Received Import Request.
  Time since last request: 0.000019 seconds.
  path: Assets/AutoHand/Resources/AutoHandLogo 1.png
  artifactKey: Guid(a5f827826cfb4b1408e1fd42d14f2277) Importer(815301076,1909f56bfc062723c751e8b465ee728b)
Start importing Assets/AutoHand/Resources/AutoHandLogo 1.png using Guid(a5f827826cfb4b1408e1fd42d14f2277) Importer(815301076,1909f56bfc062723c751e8b465ee728b)  -> (artifact id: '9632dd359c25a892dba65cd5b0e1aab2') in 0.160594 seconds 
========================================================================
Received Import Request.
  Time since last request: 0.000023 seconds.
  path: Assets/AutoHand/Packages (Setup)
  artifactKey: Guid(9ed29be5b84c5b04780e13736d6ed8e2) Importer(815301076,1909f56bfc062723c751e8b465ee728b)
Start importing Assets/AutoHand/Packages (Setup) using Guid(9ed29be5b84c5b04780e13736d6ed8e2) Importer(815301076,1909f56bfc062723c751e8b465ee728b)  -> (artifact id: '1344820941266d348d626b8ee700522c') in 0.005683 seconds 
========================================================================
Received Import Request.
  Time since last request: 0.000032 seconds.
  path: Assets/AutoHand/Resources/Righteous-Regular.ttf
  artifactKey: Guid(71b908552670b6b4daeb30b919ab116b) Importer(815301076,1909f56bfc062723c751e8b465ee728b)
Start importing Assets/AutoHand/Resources/Righteous-Regular.ttf using Guid(71b908552670b6b4daeb30b919ab116b) Importer(815301076,1909f56bfc062723c751e8b465ee728b)  -> (artifact id: 'e78bc131b9eeb88c25d601024b3d2dab') in 0.072427 seconds 
========================================================================
Received Import Request.
  Time since last request: 0.000020 seconds.
  path: Assets/AutoHand/Resources/AutoHandLogo.png
  artifactKey: Guid(4aa0097bb740ce149bfa63066595d275) Importer(815301076,1909f56bfc062723c751e8b465ee728b)
Start importing Assets/AutoHand/Resources/AutoHandLogo.png using Guid(4aa0097bb740ce149bfa63066595d275) Importer(815301076,1909f56bfc062723c751e8b465ee728b)  -> (artifact id: '7796d5032c611f50ee913d7ded1222f1') in 0.025892 seconds 
========================================================================
Received Import Request.
  Time since last request: 0.000022 seconds.
  path: Assets/AutoHand/Resources/AutoHandSettings.asset
  artifactKey: Guid(9521a2b0b4edb584ab7bf0d84fcf5836) Importer(815301076,1909f56bfc062723c751e8b465ee728b)
Start importing Assets/AutoHand/Resources/AutoHandSettings.asset using Guid(9521a2b0b4edb584ab7bf0d84fcf5836) Importer(815301076,1909f56bfc062723c751e8b465ee728b)  -> (artifact id: '8def3f353f4c96cb411f926389ab6913') in 0.008499 seconds 
========================================================================
Received Import Request.
  Time since last request: 0.000021 seconds.
  path: Assets/AutoHand/Resources/Righteous-Regular - Copy.ttf
  artifactKey: Guid(a2d26397d229747479a4aa1afde1c046) Importer(815301076,1909f56bfc062723c751e8b465ee728b)
Start importing Assets/AutoHand/Resources/Righteous-Regular - Copy.ttf using Guid(a2d26397d229747479a4aa1afde1c046) Importer(815301076,1909f56bfc062723c751e8b465ee728b)  -> (artifact id: '8e05a519b0e917ed81c9cf34863c5a36') in 0.018589 seconds 
========================================================================
Received Import Request.
  Time since last request: 0.000025 seconds.
  path: Assets/AutoHand/Resources/DefaultJoint.prefab
  artifactKey: Guid(0d5fbe471093614408ca515852239cb3) Importer(815301076,1909f56bfc062723c751e8b465ee728b)
Start importing Assets/AutoHand/Resources/DefaultJoint.prefab using Guid(0d5fbe471093614408ca515852239cb3) Importer(815301076,1909f56bfc062723c751e8b465ee728b)  -> (artifact id: 'af85621f3c60a22b04b0534992b8c22b') in 0.020140 seconds 
========================================================================
Received Import Request.
  Time since last request: 0.000023 seconds.
  path: Assets/AutoHand/Resources/Righteous-Big.ttf
  artifactKey: Guid(2d5517b3dc39e474cb2eddd0f4004ace) Importer(815301076,1909f56bfc062723c751e8b465ee728b)
Start importing Assets/AutoHand/Resources/Righteous-Big.ttf using Guid(2d5517b3dc39e474cb2eddd0f4004ace) Importer(815301076,1909f56bfc062723c751e8b465ee728b)  -> (artifact id: 'a643c4de6fdbde997e051c1f0a5563ca') in 0.018888 seconds 
========================================================================
Received Import Request.
  Time since last request: 0.000023 seconds.
  path: Assets/AutoHand/Resources/CustomJoint.prefab
  artifactKey: Guid(f20406399571c4049854b0ffc5c8c23a) Importer(815301076,1909f56bfc062723c751e8b465ee728b)
Start importing Assets/AutoHand/Resources/CustomJoint.prefab using Guid(f20406399571c4049854b0ffc5c8c23a) Importer(815301076,1909f56bfc062723c751e8b465ee728b)  -> (artifact id: 'cd6a9481de3a02f415172024f8d7e720') in 0.011489 seconds 
========================================================================
Received Import Request.
  Time since last request: 0.000023 seconds.
  path: Assets/AutoHand
  artifactKey: Guid(5e4aba944822f6f48a25d1548de01450) Importer(815301076,1909f56bfc062723c751e8b465ee728b)
Start importing Assets/AutoHand using Guid(5e4aba944822f6f48a25d1548de01450) Importer(815301076,1909f56bfc062723c751e8b465ee728b)  -> (artifact id: '371f37b013263de3bb0b77b6ece008fb') in 0.005163 seconds 
========================================================================
Received Import Request.
  Time since last request: 0.000028 seconds.
  path: Assets/AutoHand/Resources/AutoHandEmbelm.png
  artifactKey: Guid(ae1a6a2ca3d51eb4ab4ee56a44dd7c71) Importer(815301076,1909f56bfc062723c751e8b465ee728b)
Start importing Assets/AutoHand/Resources/AutoHandEmbelm.png using Guid(ae1a6a2ca3d51eb4ab4ee56a44dd7c71) Importer(815301076,1909f56bfc062723c751e8b465ee728b)  -> (artifact id: 'f13359f92551c14197f0e432f23ca5c6') in 0.020631 seconds 
========================================================================
Received Import Request.
  Time since last request: 0.000019 seconds.
  path: Assets/AutoHand/Resources/Friction.physicMaterial
  artifactKey: Guid(c879e87e41930f444935e14a2aaac08e) Importer(815301076,1909f56bfc062723c751e8b465ee728b)
Start importing Assets/AutoHand/Resources/Friction.physicMaterial using Guid(c879e87e41930f444935e14a2aaac08e) Importer(815301076,1909f56bfc062723c751e8b465ee728b)  -> (artifact id: '87303a2a282074450023dd204c7ca37c') in 0.006026 seconds 
